Arguments: 
  /usr/local/bin/node /Users/nickotto/.node/corepack/yarn/1.22.15/bin/yarn.js add flask_login

PATH: 
  /Library/Frameworks/Python.framework/Versions/3.10/bin:/Library/Frameworks/Python.framework/Versions/3.10/bin:/Library/Frameworks/Python.framework/Versions/3.9/bin:/Library/Frameworks/Python.framework/Versions/2.7/bin:/usr/local/bin:/usr/bin:/bin:/usr/sbin:/sbin:/usr/local/share/dotnet:~/.dotnet/tools:/Library/Apple/usr/bin:/Library/Frameworks/Mono.framework/Versions/Current/Commands:/Applications/Wireshark.app/Contents/MacOS:/Library/Frameworks/Python.framework/Versions/3.10/bin:/opt/anaconda3/bin:/opt/anaconda3/condabin:/Library/Frameworks/Python.framework/Versions/3.9/bin:/Library/Frameworks/Python.framework/Versions/2.7/bin

Yarn version: 
  1.22.15

Node version: 
  14.17.4

Platform: 
  darwin x64

Trace: 
  Error: https://registry.yarnpkg.com/flask_login: Not found
      at Request.params.callback [as _callback] (/Users/nickotto/.node/corepack/yarn/1.22.15/lib/cli.js:66140:18)
      at Request.self.callback (/Users/nickotto/.node/corepack/yarn/1.22.15/lib/cli.js:140885:22)
      at Request.emit (events.js:400:28)
      at Request.<anonymous> (/Users/nickotto/.node/corepack/yarn/1.22.15/lib/cli.js:141857:10)
      at Request.emit (events.js:400:28)
      at IncomingMessage.<anonymous> (/Users/nickotto/.node/corepack/yarn/1.22.15/lib/cli.js:141779:12)
      at Object.onceWrapper (events.js:519:28)
      at IncomingMessage.emit (events.js:412:35)
      at endReadableNT (internal/streams/readable.js:1317:12)
      at processTicksAndRejections (internal/process/task_queues.js:82:21)

npm manifest: 
  {
    "dependencies": {
      "flask": "^0.2.10"
    }
  }

yarn manifest: 
  No manifest

Lockfile: 
  # THIS IS AN AUTOGENERATED FILE. DO NOT EDIT THIS FILE DIRECTLY.
  # yarn lockfile v1
  
  
  flask@^0.2.10:
    version "0.2.10"
    resolved "https://registry.yarnpkg.com/flask/-/flask-0.2.10.tgz#f5f5a42cfd58a309e37c67c0a39617a819e5e1b7"
    integrity sha1-9fWkLP1YownjfGfAo5YXqBnl4bc=
